<?xml version="1.0" encoding="UTF-8"?>
<!-- Generated by org.testng.reporters.JUnitXMLReporter -->
<testsuite ignored="0" hostname="madhu" failures="0" tests="3" name="Default test" time="0.079" errors="0" timestamp="2023-10-12T14:02:23 IST">
  <testcase classname="com.app.TTD.demo.TestPopulationSearch" name="findpopulation" time="0.016"/>
  <testcase classname="com.app.TTD.demo.TestPopulationSearch" name="findpopulationEmptyInput" time="0.001"/>
  <testcase classname="com.app.TTD.demo.TestPopulationSearch" name="findpopulationInvalidInput" time="0.001"/>
</testsuite> <!-- Default test -->
